{"message":"information log","level":"info","service":"user-service","timestamp":"2022-10-12T13:57:33.487Z"}
{"message":"warning log","level":"warn","service":"user-service","timestamp":"2022-10-12T13:57:33.490Z"}
{"message":"error log","level":"error","service":"user-service","timestamp":"2022-10-12T13:57:33.490Z"}
{"message":"debug log","level":"debug","service":"user-service","timestamp":"2022-10-12T13:57:33.491Z"}
{"message":"information log","level":"info","service":"user-service","timestamp":"2022-10-12T14:11:37.965Z"}
{"message":"warning log","level":"warn","service":"user-service","timestamp":"2022-10-12T14:11:37.969Z"}
{"message":"error log","level":"error","service":"user-service","timestamp":"2022-10-12T14:11:37.970Z"}
{"message":"debug log","level":"debug","service":"user-service","timestamp":"2022-10-12T14:11:37.970Z"}
19:42:12 [32minfo[39m: information log
19:42:12 [33mwarn[39m: warning log
19:42:12 [31merror[39m: error log
19:42:12 [34mdebug[39m: debug log
{"message":"information log","level":"info","service":"user-service","timestamp":"2022-10-12T14:29:51.954Z"}
{"message":"warning log","level":"warn","service":"user-service","timestamp":"2022-10-12T14:29:51.956Z"}
{"message":"error log","level":"error","service":"user-service","timestamp":"2022-10-12T14:29:51.957Z"}
{"message":"debug log","level":"debug","service":"user-service","timestamp":"2022-10-12T14:29:51.957Z"}
{"message":"information log","level":"info","service":"user-service","timestamp":"2022-10-12T14:30:10.191Z"}
{"message":"warning log","level":"warn","service":"user-service","timestamp":"2022-10-12T14:30:10.194Z"}
{"message":"error log","level":"error","service":"user-service","timestamp":"2022-10-12T14:30:10.195Z"}
{"message":"debug log","level":"debug","service":"user-service","timestamp":"2022-10-12T14:30:10.195Z"}
{"message":"information log","level":"info","service":"user-service","timestamp":"2022-10-13T15:37:07.326Z"}
{"message":"warning log","level":"warn","service":"user-service","timestamp":"2022-10-13T15:37:07.329Z"}
{"message":"error log","level":"error","service":"user-service","timestamp":"2022-10-13T15:37:07.329Z"}
{"message":"debug log","level":"debug","service":"user-service","timestamp":"2022-10-13T15:37:07.330Z"}
{
  message: 'information log',
  level: 'info',
  service: 'user-service',
  timestamp: '2022-10-13T15:46:53.767Z'
}
{
  message: 'warning log',
  level: 'warn',
  service: 'user-service',
  timestamp: '2022-10-13T15:46:53.771Z'
}
{
  message: 'error log',
  level: 'error',
  service: 'user-service',
  timestamp: '2022-10-13T15:46:53.771Z'
}
{
  message: 'debug log',
  level: 'debug',
  service: 'user-service',
  timestamp: '2022-10-13T15:46:53.772Z'
}
[2022-10-13T15:49:22.259Z] [undefined]@[info]: information log
[2022-10-13T15:49:22.262Z] [undefined]@[warn]: warning log
[2022-10-13T15:49:22.263Z] [undefined]@[error]: error log
[2022-10-13T15:49:22.263Z] [undefined]@[debug]: debug log
[object Object]
[object Object]
[object Object]
[object Object]
13
13
13
13
{
  message: 'information log',
  level: 'info',
  service: 'user-service',
  timestamp: '2022-10-13T16:09:16.952Z'
}
{
  message: 'warning log',
  level: 'warn',
  service: 'user-service',
  timestamp: '2022-10-13T16:09:16.956Z'
}
{
  message: 'error log',
  level: 'error',
  service: 'user-service',
  timestamp: '2022-10-13T16:09:16.957Z'
}
{
  message: 'debug log',
  level: 'debug',
  service: 'user-service',
  timestamp: '2022-10-13T16:09:16.958Z'
}
