{"message":"error log","level":"error","service":"user-service","timestamp":"2022-10-12T13:52:51.353Z"}
{"message":"error log","level":"error","service":"user-service","timestamp":"2022-10-12T13:53:09.383Z"}
{"message":"error log","level":"error","service":"user-service","timestamp":"2022-10-12T13:53:22.200Z"}
{"message":"error log","level":"error","service":"user-service","timestamp":"2022-10-12T13:54:41.454Z"}
{"message":"error log","level":"error","service":"user-service","timestamp":"2022-10-12T13:57:03.079Z"}
{"message":"error log","level":"error","service":"user-service","timestamp":"2022-10-12T13:57:33.490Z"}
{"message":"error log","level":"error","service":"user-service","timestamp":"2022-10-12T14:11:37.970Z"}
{"message":"error log","level":"error","service":"user-service","timestamp":"2022-10-12T14:29:51.957Z"}
{"message":"error log","level":"error","service":"user-service","timestamp":"2022-10-12T14:30:10.195Z"}
{"message":"error log","level":"error","service":"user-service","timestamp":"2022-10-13T15:37:07.329Z"}
{
  message: 'error log',
  level: 'error',
  service: 'user-service',
  timestamp: '2022-10-13T15:46:53.771Z'
}
[2022-10-13T15:49:22.263Z] [undefined]@[error]: error log
[object Object]
13
{
  message: 'error log',
  level: 'error',
  service: 'user-service',
  timestamp: '2022-10-13T16:09:16.957Z'
}
